Determining if the pthread_create exist failed with the following output:
Change Dir: /home/hyper/code/TEST/3D-Reconstruction/pointcloudToMesh/build/CMakeFiles/CMakeTmp

Run Build Command:"/usr/bin/make" "cmTC_ef176/fast"
/usr/bin/make -f CMakeFiles/cmTC_ef176.dir/build.make CMakeFiles/cmTC_ef176.dir/build
make[1]: 进入目录“/home/hyper/code/TEST/3D-Reconstruction/pointcloudToMesh/build/CMakeFiles/CMakeTmp”
Building C object CMakeFiles/cmTC_ef176.dir/CheckSymbolExists.c.o
/usr/bin/cc    -o CMakeFiles/cmTC_ef176.dir/CheckSymbolExists.c.o   -c /home/hyper/code/TEST/3D-Reconstruction/pointcloudToMesh/build/CMakeFiles/CMakeTmp/CheckSymbolExists.c
Linking C executable cmTC_ef176
/usr/bin/cmake -E cmake_link_script CMakeFiles/cmTC_ef176.dir/link.txt --verbose=1
/usr/bin/cc      CMakeFiles/cmTC_ef176.dir/CheckSymbolExists.c.o  -o cmTC_ef176 
CMakeFiles/cmTC_ef176.dir/CheckSymbolExists.c.o：在函数‘main’中：
CheckSymbolExists.c:(.text+0x1b)：对‘pthread_create’未定义的引用
collect2: error: ld returned 1 exit status
CMakeFiles/cmTC_ef176.dir/build.make:97: recipe for target 'cmTC_ef176' failed
make[1]: *** [cmTC_ef176] Error 1
make[1]: 离开目录“/home/hyper/code/TEST/3D-Reconstruction/pointcloudToMesh/build/CMakeFiles/CMakeTmp”
Makefile:126: recipe for target 'cmTC_ef176/fast' failed
make: *** [cmTC_ef176/fast] Error 2

File /home/hyper/code/TEST/3D-Reconstruction/pointcloudToMesh/build/CMakeFiles/CMakeTmp/CheckSymbolExists.c:
/* */
#include <pthread.h>

int main(int argc, char** argv)
{
  (void)argv;
#ifndef pthread_create
  return ((int*)(&pthread_create))[argc];
#else
  (void)argc;
  return 0;
#endif
}

Determining if the function pthread_create exists in the pthreads failed with the following output:
Change Dir: /home/hyper/code/TEST/3D-Reconstruction/pointcloudToMesh/build/CMakeFiles/CMakeTmp

Run Build Command:"/usr/bin/make" "cmTC_d53a1/fast"
/usr/bin/make -f CMakeFiles/cmTC_d53a1.dir/build.make CMakeFiles/cmTC_d53a1.dir/build
make[1]: 进入目录“/home/hyper/code/TEST/3D-Reconstruction/pointcloudToMesh/build/CMakeFiles/CMakeTmp”
Building C object CMakeFiles/cmTC_d53a1.dir/CheckFunctionExists.c.o
/usr/bin/cc   -DCHECK_FUNCTION_EXISTS=pthread_create   -o CMakeFiles/cmTC_d53a1.dir/CheckFunctionExists.c.o   -c /usr/share/cmake-3.10/Modules/CheckFunctionExists.c
Linking C executable cmTC_d53a1
/usr/bin/cmake -E cmake_link_script CMakeFiles/cmTC_d53a1.dir/link.txt --verbose=1
/usr/bin/cc  -DCHECK_FUNCTION_EXISTS=pthread_create    CMakeFiles/cmTC_d53a1.dir/CheckFunctionExists.c.o  -o cmTC_d53a1 -lpthreads 
/usr/bin/ld: 找不到 -lpthreads
collect2: error: ld returned 1 exit status
CMakeFiles/cmTC_d53a1.dir/build.make:97: recipe for target 'cmTC_d53a1' failed
make[1]: *** [cmTC_d53a1] Error 1
make[1]: 离开目录“/home/hyper/code/TEST/3D-Reconstruction/pointcloudToMesh/build/CMakeFiles/CMakeTmp”
Makefile:126: recipe for target 'cmTC_d53a1/fast' failed
make: *** [cmTC_d53a1/fast] Error 2


