Determining if the pthread_create exist failed with the following output:
Change Dir: /home/hyper/code/TEST/mars_test/cloud2depth/build/CMakeFiles/CMakeTmp

Run Build Command:"/usr/bin/make" "cmTC_17a0f/fast"
/usr/bin/make -f CMakeFiles/cmTC_17a0f.dir/build.make CMakeFiles/cmTC_17a0f.dir/build
make[1]: 进入目录“/home/hyper/code/TEST/mars_test/cloud2depth/build/CMakeFiles/CMakeTmp”
Building C object CMakeFiles/cmTC_17a0f.dir/CheckSymbolExists.c.o
/usr/bin/cc    -o CMakeFiles/cmTC_17a0f.dir/CheckSymbolExists.c.o   -c /home/hyper/code/TEST/mars_test/cloud2depth/build/CMakeFiles/CMakeTmp/CheckSymbolExists.c
Linking C executable cmTC_17a0f
/opt/cmake-3.12.2/bin/cmake -E cmake_link_script CMakeFiles/cmTC_17a0f.dir/link.txt --verbose=1
/usr/bin/cc      -rdynamic CMakeFiles/cmTC_17a0f.dir/CheckSymbolExists.c.o  -o cmTC_17a0f 
CMakeFiles/cmTC_17a0f.dir/CheckSymbolExists.c.o：在函数‘main’中：
CheckSymbolExists.c:(.text+0x1b)：对‘pthread_create’未定义的引用
collect2: error: ld returned 1 exit status
CMakeFiles/cmTC_17a0f.dir/build.make:86: recipe for target 'cmTC_17a0f' failed
make[1]: *** [cmTC_17a0f] Error 1
make[1]: 离开目录“/home/hyper/code/TEST/mars_test/cloud2depth/build/CMakeFiles/CMakeTmp”
Makefile:121: recipe for target 'cmTC_17a0f/fast' failed
make: *** [cmTC_17a0f/fast] Error 2

File /home/hyper/code/TEST/mars_test/cloud2depth/build/CMakeFiles/CMakeTmp/CheckSymbolExists.c:
/* */
#include <pthread.h>

int main(int argc, char** argv)
{
  (void)argv;
#ifndef pthread_create
  return ((int*)(&pthread_create))[argc];
#else
  (void)argc;
  return 0;
#endif
}

Determining if the function pthread_create exists in the pthreads failed with the following output:
Change Dir: /home/hyper/code/TEST/mars_test/cloud2depth/build/CMakeFiles/CMakeTmp

Run Build Command:"/usr/bin/make" "cmTC_aa41f/fast"
/usr/bin/make -f CMakeFiles/cmTC_aa41f.dir/build.make CMakeFiles/cmTC_aa41f.dir/build
make[1]: 进入目录“/home/hyper/code/TEST/mars_test/cloud2depth/build/CMakeFiles/CMakeTmp”
Building C object CMakeFiles/cmTC_aa41f.dir/CheckFunctionExists.c.o
/usr/bin/cc   -DCHECK_FUNCTION_EXISTS=pthread_create   -o CMakeFiles/cmTC_aa41f.dir/CheckFunctionExists.c.o   -c /opt/cmake-3.12.2/share/cmake-3.12/Modules/CheckFunctionExists.c
Linking C executable cmTC_aa41f
/opt/cmake-3.12.2/bin/cmake -E cmake_link_script CMakeFiles/cmTC_aa41f.dir/link.txt --verbose=1
/usr/bin/cc  -DCHECK_FUNCTION_EXISTS=pthread_create    -rdynamic CMakeFiles/cmTC_aa41f.dir/CheckFunctionExists.c.o  -o cmTC_aa41f -lpthreads 
/usr/bin/ld: 找不到 -lpthreads
collect2: error: ld returned 1 exit status
CMakeFiles/cmTC_aa41f.dir/build.make:86: recipe for target 'cmTC_aa41f' failed
make[1]: *** [cmTC_aa41f] Error 1
make[1]: 离开目录“/home/hyper/code/TEST/mars_test/cloud2depth/build/CMakeFiles/CMakeTmp”
Makefile:121: recipe for target 'cmTC_aa41f/fast' failed
make: *** [cmTC_aa41f/fast] Error 2


